[0.033s] Invoking command in '/home/malicancas/my_bot/build/my_bot': CMAKE_PREFIX_PATH=${CMAKE_PREFIX_PATH}:/opt/ros/humble /usr/bin/cmake --build /home/malicancas/my_bot/build/my_bot -- -j16 -l16
[0.084s] Invoked command in '/home/malicancas/my_bot/build/my_bot' returned '0': CMAKE_PREFIX_PATH=${CMAKE_PREFIX_PATH}:/opt/ros/humble /usr/bin/cmake --build /home/malicancas/my_bot/build/my_bot -- -j16 -l16
[0.099s] Invoking command in '/home/malicancas/my_bot/build/my_bot': CMAKE_PREFIX_PATH=${CMAKE_PREFIX_PATH}:/opt/ros/humble /usr/bin/cmake --install /home/malicancas/my_bot/build/my_bot
[0.107s] -- Install configuration: ""
[0.109s] -- Execute custom install script
[0.109s] -- Up-to-date symlink: /home/malicancas/my_bot/install/my_bot/share/my_bot/config/empty.yaml
[0.110s] -- Up-to-date symlink: /home/malicancas/my_bot/install/my_bot/share/my_bot/description/robot.urdf.xacro
[0.110s] -- Up-to-date symlink: /home/malicancas/my_bot/install/my_bot/share/my_bot/description/robot_core.xacro
[0.111s] -- Up-to-date symlink: /home/malicancas/my_bot/install/my_bot/share/my_bot/launch/rsp.launch.py
[0.112s] -- Up-to-date symlink: /home/malicancas/my_bot/install/my_bot/share/my_bot/worlds/empty.world
[0.113s] -- Up-to-date symlink: /home/malicancas/my_bot/install/my_bot/share/ament_index/resource_index/package_run_dependencies/my_bot
[0.113s] -- Up-to-date symlink: /home/malicancas/my_bot/install/my_bot/share/ament_index/resource_index/parent_prefix_path/my_bot
[0.113s] -- Up-to-date symlink: /home/malicancas/my_bot/install/my_bot/share/my_bot/environment/ament_prefix_path.sh
[0.114s] -- Up-to-date symlink: /home/malicancas/my_bot/install/my_bot/share/my_bot/environment/ament_prefix_path.dsv
[0.114s] -- Up-to-date symlink: /home/malicancas/my_bot/install/my_bot/share/my_bot/environment/path.sh
[0.114s] -- Up-to-date symlink: /home/malicancas/my_bot/install/my_bot/share/my_bot/environment/path.dsv
[0.115s] -- Up-to-date symlink: /home/malicancas/my_bot/install/my_bot/share/my_bot/local_setup.bash
[0.115s] -- Up-to-date symlink: /home/malicancas/my_bot/install/my_bot/share/my_bot/local_setup.sh
[0.115s] -- Up-to-date symlink: /home/malicancas/my_bot/install/my_bot/share/my_bot/local_setup.zsh
[0.116s] -- Up-to-date symlink: /home/malicancas/my_bot/install/my_bot/share/my_bot/local_setup.dsv
[0.116s] -- Symlinking: /home/malicancas/my_bot/install/my_bot/share/my_bot/package.dsv
[0.153s] -- Up-to-date symlink: /home/malicancas/my_bot/install/my_bot/share/ament_index/resource_index/packages/my_bot
[0.153s] -- Up-to-date symlink: /home/malicancas/my_bot/install/my_bot/share/my_bot/cmake/my_botConfig.cmake
[0.153s] -- Up-to-date symlink: /home/malicancas/my_bot/install/my_bot/share/my_bot/cmake/my_botConfig-version.cmake
[0.153s] -- Up-to-date symlink: /home/malicancas/my_bot/install/my_bot/share/my_bot/package.xml
[0.157s] Invoked command in '/home/malicancas/my_bot/build/my_bot' returned '0': CMAKE_PREFIX_PATH=${CMAKE_PREFIX_PATH}:/opt/ros/humble /usr/bin/cmake --install /home/malicancas/my_bot/build/my_bot
