[0.020s] Invoking command in '/home/malicancas/my_bot/build/my_bot': CMAKE_PREFIX_PATH=${CMAKE_PREFIX_PATH}:/opt/ros/humble /usr/bin/cmake /home/malicancas/my_bot -DCMAKE_INSTALL_PREFIX=/home/malicancas/my_bot/install/my_bot
[0.357s] -- The C compiler identification is GNU 11.4.0
[1.409s] -- The CXX compiler identification is GNU 11.4.0
[2.293s] -- Detecting C compiler ABI info
[2.527s] -- Detecting C compiler ABI info - done
[2.536s] -- Check for working C compiler: /usr/bin/cc - skipped
[2.538s] -- Detecting C compile features
[2.538s] -- Detecting C compile features - done
[2.542s] -- Detecting CXX compiler ABI info
[2.787s] -- Detecting CXX compiler ABI info - done
[2.794s] -- Check for working CXX compiler: /usr/bin/c++ - skipped
[2.794s] -- Detecting CXX compile features
[2.794s] -- Detecting CXX compile features - done
[2.807s] -- Found ament_cmake: 1.3.11 (/opt/ros/humble/share/ament_cmake/cmake)
[2.981s] -- Found Python3: /usr/bin/python3 (found version "3.10.12") found components: Interpreter 
[3.110s] -- Found ament_lint_auto: 0.12.11 (/opt/ros/humble/share/ament_lint_auto/cmake)
[3.211s] -- Added test 'copyright' to check source files copyright and LICENSE
[3.233s] -- Added test 'cppcheck' to perform static code analysis on C / C++ code
[3.234s] -- Configured cppcheck include dirs: 
[3.234s] -- Configured cppcheck exclude dirs and/or files: 
[3.252s] -- Added test 'cpplint' to check C / C++ code against the Google style
[3.252s] -- Configured cpplint exclude dirs and/or files: 
[3.254s] -- Added test 'flake8' to check Python code syntax and style conventions
[3.259s] -- Added test 'lint_cmake' to check CMake code style
[3.261s] -- Added test 'pep257' to check Python code against some of the docstring style conventions in PEP 257
[3.281s] -- Added test 'uncrustify' to check C / C++ code style
[3.281s] -- Configured uncrustify additional arguments: 
[3.284s] -- Added test 'xmllint' to check XML markup files
[3.286s] -- Configuring done
[3.290s] -- Generating done
[3.293s] -- Build files have been written to: /home/malicancas/my_bot/build/my_bot
[3.299s] Invoked command in '/home/malicancas/my_bot/build/my_bot' returned '0': CMAKE_PREFIX_PATH=${CMAKE_PREFIX_PATH}:/opt/ros/humble /usr/bin/cmake /home/malicancas/my_bot -DCMAKE_INSTALL_PREFIX=/home/malicancas/my_bot/install/my_bot
[3.302s] Invoking command in '/home/malicancas/my_bot/build/my_bot': CMAKE_PREFIX_PATH=${CMAKE_PREFIX_PATH}:/opt/ros/humble /usr/bin/cmake --build /home/malicancas/my_bot/build/my_bot -- -j16 -l16
[3.337s] Invoked command in '/home/malicancas/my_bot/build/my_bot' returned '0': CMAKE_PREFIX_PATH=${CMAKE_PREFIX_PATH}:/opt/ros/humble /usr/bin/cmake --build /home/malicancas/my_bot/build/my_bot -- -j16 -l16
[3.346s] Invoking command in '/home/malicancas/my_bot/build/my_bot': CMAKE_PREFIX_PATH=${CMAKE_PREFIX_PATH}:/opt/ros/humble /usr/bin/cmake --install /home/malicancas/my_bot/build/my_bot
[3.351s] -- Install configuration: ""
[3.351s] -- Up-to-date: /home/malicancas/my_bot/install/my_bot/share/my_bot/config
[3.352s] -- Up-to-date: /home/malicancas/my_bot/install/my_bot/share/my_bot/description
[3.352s] -- Up-to-date: /home/malicancas/my_bot/install/my_bot/share/my_bot/description/.ipynb_checkpoints
[3.352s] -- Up-to-date: /home/malicancas/my_bot/install/my_bot/share/my_bot/launch
[3.352s] -- Up-to-date: /home/malicancas/my_bot/install/my_bot/share/my_bot/worlds
[3.352s] -- Installing: /home/malicancas/my_bot/install/my_bot/share/my_bot/package.dsv
[3.354s] Invoked command in '/home/malicancas/my_bot/build/my_bot' returned '0': CMAKE_PREFIX_PATH=${CMAKE_PREFIX_PATH}:/opt/ros/humble /usr/bin/cmake --install /home/malicancas/my_bot/build/my_bot
