[0.024s] Invoking command in '/home/malicancas/my_bot/build/my_bot': CMAKE_PREFIX_PATH=${CMAKE_PREFIX_PATH}:/opt/ros/humble /usr/bin/cmake /home/malicancas/my_bot -DAMENT_CMAKE_SYMLINK_INSTALL=1 -DCMAKE_INSTALL_PREFIX=/home/malicancas/my_bot/install/my_bot
[0.851s] -- The C compiler identification is GNU 11.4.0
[5.518s] -- The CXX compiler identification is GNU 11.4.0
[7.000s] -- Detecting C compiler ABI info
[7.867s] -- Detecting C compiler ABI info - done
[7.878s] -- Check for working C compiler: /usr/bin/cc - skipped
[7.887s] -- Detecting C compile features
[7.888s] -- Detecting C compile features - done
[7.894s] -- Detecting CXX compiler ABI info
[8.524s] -- Detecting CXX compiler ABI info - done
[8.534s] -- Check for working CXX compiler: /usr/bin/c++ - skipped
[8.534s] -- Detecting CXX compile features
[8.535s] -- Detecting CXX compile features - done
[8.554s] -- Found ament_cmake: 1.3.11 (/opt/ros/humble/share/ament_cmake/cmake)
[8.803s] -- Found Python3: /usr/bin/python3 (found version "3.10.12") found components: Interpreter 
[8.947s] -- Override CMake install command with custom implementation using symlinks instead of copying resources
[9.093s] -- Found ament_lint_auto: 0.12.11 (/opt/ros/humble/share/ament_lint_auto/cmake)
[9.272s] -- Added test 'copyright' to check source files copyright and LICENSE
[9.281s] -- Added test 'cppcheck' to perform static code analysis on C / C++ code
[9.281s] -- Configured cppcheck include dirs: 
[9.281s] -- Configured cppcheck exclude dirs and/or files: 
[9.290s] -- Added test 'cpplint' to check C / C++ code against the Google style
[9.291s] -- Configured cpplint exclude dirs and/or files: 
[9.294s] -- Added test 'flake8' to check Python code syntax and style conventions
[9.297s] -- Added test 'lint_cmake' to check CMake code style
[9.299s] -- Added test 'pep257' to check Python code against some of the docstring style conventions in PEP 257
[9.305s] -- Added test 'uncrustify' to check C / C++ code style
[9.305s] -- Configured uncrustify additional arguments: 
[9.308s] -- Added test 'xmllint' to check XML markup files
[9.312s] -- Configuring done
[9.316s] -- Generating done
[9.318s] -- Build files have been written to: /home/malicancas/my_bot/build/my_bot
[9.324s] Invoked command in '/home/malicancas/my_bot/build/my_bot' returned '0': CMAKE_PREFIX_PATH=${CMAKE_PREFIX_PATH}:/opt/ros/humble /usr/bin/cmake /home/malicancas/my_bot -DAMENT_CMAKE_SYMLINK_INSTALL=1 -DCMAKE_INSTALL_PREFIX=/home/malicancas/my_bot/install/my_bot
[9.329s] Invoking command in '/home/malicancas/my_bot/build/my_bot': CMAKE_PREFIX_PATH=${CMAKE_PREFIX_PATH}:/opt/ros/humble /usr/bin/cmake --build /home/malicancas/my_bot/build/my_bot -- -j16 -l16
[9.390s] Invoked command in '/home/malicancas/my_bot/build/my_bot' returned '0': CMAKE_PREFIX_PATH=${CMAKE_PREFIX_PATH}:/opt/ros/humble /usr/bin/cmake --build /home/malicancas/my_bot/build/my_bot -- -j16 -l16
[9.409s] Invoking command in '/home/malicancas/my_bot/build/my_bot': CMAKE_PREFIX_PATH=${CMAKE_PREFIX_PATH}:/opt/ros/humble /usr/bin/cmake --install /home/malicancas/my_bot/build/my_bot
[9.425s] -- Install configuration: ""
[9.428s] -- Execute custom install script
[9.431s] -- Symlinking: /home/malicancas/my_bot/install/my_bot/share/my_bot/config/empty.yaml
[9.448s] -- Symlinking: /home/malicancas/my_bot/install/my_bot/share/my_bot/description/robot.urdf.xacro
[9.465s] -- Symlinking: /home/malicancas/my_bot/install/my_bot/share/my_bot/launch/rsp.launch.py
[9.487s] -- Symlinking: /home/malicancas/my_bot/install/my_bot/share/my_bot/worlds/empty.world
[9.517s] -- Symlinking: /home/malicancas/my_bot/install/my_bot/share/ament_index/resource_index/package_run_dependencies/my_bot
[9.536s] -- Symlinking: /home/malicancas/my_bot/install/my_bot/share/ament_index/resource_index/parent_prefix_path/my_bot
[9.547s] -- Symlinking: /home/malicancas/my_bot/install/my_bot/share/my_bot/environment/ament_prefix_path.sh
[9.556s] -- Symlinking: /home/malicancas/my_bot/install/my_bot/share/my_bot/environment/ament_prefix_path.dsv
[9.571s] -- Symlinking: /home/malicancas/my_bot/install/my_bot/share/my_bot/environment/path.sh
[9.589s] -- Symlinking: /home/malicancas/my_bot/install/my_bot/share/my_bot/environment/path.dsv
[9.605s] -- Symlinking: /home/malicancas/my_bot/install/my_bot/share/my_bot/local_setup.bash
[9.614s] -- Symlinking: /home/malicancas/my_bot/install/my_bot/share/my_bot/local_setup.sh
[9.623s] -- Symlinking: /home/malicancas/my_bot/install/my_bot/share/my_bot/local_setup.zsh
[9.632s] -- Symlinking: /home/malicancas/my_bot/install/my_bot/share/my_bot/local_setup.dsv
[9.642s] -- Symlinking: /home/malicancas/my_bot/install/my_bot/share/my_bot/package.dsv
[9.653s] -- Symlinking: /home/malicancas/my_bot/install/my_bot/share/ament_index/resource_index/packages/my_bot
[9.668s] -- Symlinking: /home/malicancas/my_bot/install/my_bot/share/my_bot/cmake/my_botConfig.cmake
[9.687s] -- Symlinking: /home/malicancas/my_bot/install/my_bot/share/my_bot/cmake/my_botConfig-version.cmake
[9.707s] -- Symlinking: /home/malicancas/my_bot/install/my_bot/share/my_bot/package.xml
[9.727s] Invoked command in '/home/malicancas/my_bot/build/my_bot' returned '0': CMAKE_PREFIX_PATH=${CMAKE_PREFIX_PATH}:/opt/ros/humble /usr/bin/cmake --install /home/malicancas/my_bot/build/my_bot
