[1.617s] DEBUG:colcon:Command line arguments: ['/usr/bin/colcon', 'build', '--symlink-install']
[1.617s] DEBUG:colcon:Parsed command line arguments: Namespace(log_base=None, log_level=None, verb_name='build', build_base='build', install_base='install', merge_install=False, symlink_install=True, test_result_base=None, continue_on_error=False, executor='parallel', parallel_workers=16, event_handlers=None, ignore_user_meta=False, metas=['./colcon.meta'], base_paths=['.'], packages_ignore=None, packages_ignore_regex=None, paths=None, packages_up_to=None, packages_up_to_regex=None, packages_above=None, packages_above_and_dependencies=None, packages_above_depth=None, packages_select_by_dep=None, packages_skip_by_dep=None, packages_skip_up_to=None, packages_select_build_failed=False, packages_skip_build_finished=False, packages_select_test_failures=False, packages_skip_test_passed=False, packages_select=None, packages_skip=None, packages_select_regex=None, packages_skip_regex=None, packages_start=None, packages_end=None, allow_overriding=[], cmake_args=None, cmake_target=None, cmake_target_skip_unavailable=False, cmake_clean_cache=False, cmake_clean_first=False, cmake_force_configure=False, ament_cmake_args=None, catkin_cmake_args=None, catkin_skip_building_tests=False, mixin_files=None, mixin=None, verb_parser=<colcon_mixin.mixin.mixin_argument.MixinArgumentDecorator object at 0x7f2306ba8be0>, verb_extension=<colcon_core.verb.build.BuildVerb object at 0x7f2306ba8730>, main=<bound method BuildVerb.main of <colcon_core.verb.build.BuildVerb object at 0x7f2306ba8730>>, mixin_verb=('build',))
[2.296s] Level 1:colcon.colcon_core.package_discovery:discover_packages(colcon_meta) check parameters
[2.296s] Level 1:colcon.colcon_core.package_discovery:discover_packages(recursive) check parameters
[2.296s] Level 1:colcon.colcon_core.package_discovery:discover_packages(ignore) check parameters
[2.296s] Level 1:colcon.colcon_core.package_discovery:discover_packages(path) check parameters
[2.296s] Level 1:colcon.colcon_core.package_discovery:discover_packages(colcon_meta) discover
[2.297s] Level 1:colcon.colcon_core.package_discovery:discover_packages(recursive) discover
[2.297s] INFO:colcon.colcon_core.package_discovery:Crawling recursively for packages in '/home/malicancas/my_bot'
[2.297s] Level 1:colcon.colcon_core.package_identification:_identify(.) by extensions ['ignore', 'ignore_ament_install']
[2.297s] Level 1:colcon.colcon_core.package_identification:_identify(.) by extension 'ignore'
[2.297s] Level 1:colcon.colcon_core.package_identification:_identify(.) by extension 'ignore_ament_install'
[2.297s] Level 1:colcon.colcon_core.package_identification:_identify(.) by extensions ['colcon_pkg']
[2.298s] Level 1:colcon.colcon_core.package_identification:_identify(.) by extension 'colcon_pkg'
[2.298s] Level 1:colcon.colcon_core.package_identification:_identify(.) by extensions ['colcon_meta']
[2.298s] Level 1:colcon.colcon_core.package_identification:_identify(.) by extension 'colcon_meta'
[2.298s] Level 1:colcon.colcon_core.package_identification:_identify(.) by extensions ['ros']
[2.298s] Level 1:colcon.colcon_core.package_identification:_identify(.) by extension 'ros'
[2.345s] DEBUG:colcon.colcon_core.package_identification:Package '.' with type 'ros.ament_cmake' and name 'my_bot'
[2.346s] Level 1:colcon.colcon_core.package_discovery:discover_packages(recursive) using defaults
[2.346s] Level 1:colcon.colcon_core.package_discovery:discover_packages(ignore) discover
[2.346s] Level 1:colcon.colcon_core.package_discovery:discover_packages(ignore) using defaults
[2.346s] Level 1:colcon.colcon_core.package_discovery:discover_packages(path) discover
[2.346s] Level 1:colcon.colcon_core.package_discovery:discover_packages(path) using defaults
[2.426s] Level 1:colcon.colcon_core.package_discovery:discover_packages(prefix_path) check parameters
[2.426s] Level 1:colcon.colcon_core.package_discovery:discover_packages(prefix_path) discover
[2.442s] DEBUG:colcon.colcon_installed_package_information.package_discovery:Found 401 installed packages in /opt/ros/humble
[2.447s] Level 1:colcon.colcon_core.package_discovery:discover_packages(prefix_path) using defaults
[2.840s] Level 5:colcon.colcon_core.verb:set package 'my_bot' build argument 'cmake_args' from command line to 'None'
[2.840s] Level 5:colcon.colcon_core.verb:set package 'my_bot' build argument 'cmake_target' from command line to 'None'
[2.840s] Level 5:colcon.colcon_core.verb:set package 'my_bot' build argument 'cmake_target_skip_unavailable' from command line to 'False'
[2.840s] Level 5:colcon.colcon_core.verb:set package 'my_bot' build argument 'cmake_clean_cache' from command line to 'False'
[2.840s] Level 5:colcon.colcon_core.verb:set package 'my_bot' build argument 'cmake_clean_first' from command line to 'False'
[2.840s] Level 5:colcon.colcon_core.verb:set package 'my_bot' build argument 'cmake_force_configure' from command line to 'False'
[2.840s] Level 5:colcon.colcon_core.verb:set package 'my_bot' build argument 'ament_cmake_args' from command line to 'None'
[2.840s] Level 5:colcon.colcon_core.verb:set package 'my_bot' build argument 'catkin_cmake_args' from command line to 'None'
[2.840s] Level 5:colcon.colcon_core.verb:set package 'my_bot' build argument 'catkin_skip_building_tests' from command line to 'False'
[2.840s] DEBUG:colcon.colcon_core.verb:Building package 'my_bot' with the following arguments: {'ament_cmake_args': None, 'build_base': '/home/malicancas/my_bot/build/my_bot', 'catkin_cmake_args': None, 'catkin_skip_building_tests': False, 'cmake_args': None, 'cmake_clean_cache': False, 'cmake_clean_first': False, 'cmake_force_configure': False, 'cmake_target': None, 'cmake_target_skip_unavailable': False, 'install_base': '/home/malicancas/my_bot/install/my_bot', 'merge_install': False, 'path': '/home/malicancas/my_bot', 'symlink_install': True, 'test_result_base': None}
[2.840s] INFO:colcon.colcon_core.executor:Executing jobs using 'parallel' executor
[2.842s] DEBUG:colcon.colcon_parallel_executor.executor.parallel:run_until_complete
[2.842s] INFO:colcon.colcon_ros.task.ament_cmake.build:Building ROS package in '/home/malicancas/my_bot' with build type 'ament_cmake'
[2.843s] INFO:colcon.colcon_cmake.task.cmake.build:Building CMake package in '/home/malicancas/my_bot'
[2.854s] INFO:colcon.colcon_core.plugin_system:Skipping extension 'colcon_core.shell.bat': Not used on non-Windows systems
[2.854s] INFO:colcon.colcon_core.shell:Skip shell extension 'powershell' for command environment: Not usable outside of PowerShell
[2.855s] DEBUG:colcon.colcon_core.shell:Skip shell extension 'dsv' for command environment
[2.869s] DEBUG:colcon.colcon_core.event_handler.log_command:Invoking command in '/home/malicancas/my_bot/build/my_bot': CMAKE_PREFIX_PATH=/opt/ros/humble /usr/bin/cmake --build /home/malicancas/my_bot/build/my_bot -- -j16 -l16
[2.997s] DEBUG:colcon.colcon_core.event_handler.log_command:Invoked command in '/home/malicancas/my_bot/build/my_bot' returned '0': CMAKE_PREFIX_PATH=/opt/ros/humble /usr/bin/cmake --build /home/malicancas/my_bot/build/my_bot -- -j16 -l16
[3.013s] DEBUG:colcon.colcon_core.event_handler.log_command:Invoking command in '/home/malicancas/my_bot/build/my_bot': CMAKE_PREFIX_PATH=/opt/ros/humble /usr/bin/cmake --install /home/malicancas/my_bot/build/my_bot
[3.058s] Level 1:colcon.colcon_core.environment:create_environment_scripts_only(my_bot)
[3.058s] DEBUG:colcon.colcon_core.event_handler.log_command:Invoked command in '/home/malicancas/my_bot/build/my_bot' returned '0': CMAKE_PREFIX_PATH=/opt/ros/humble /usr/bin/cmake --install /home/malicancas/my_bot/build/my_bot
[3.084s] Level 1:colcon.colcon_core.environment:checking '/home/malicancas/my_bot/install/my_bot' for CMake module files
[3.085s] Level 1:colcon.colcon_core.environment:checking '/home/malicancas/my_bot/install/my_bot' for CMake config files
[3.088s] Level 1:colcon.colcon_core.shell:create_environment_hook('my_bot', 'cmake_prefix_path')
[3.089s] INFO:colcon.colcon_core.shell:Creating environment hook '/home/malicancas/my_bot/install/my_bot/share/my_bot/hook/cmake_prefix_path.ps1'
[3.092s] INFO:colcon.colcon_core.shell:Creating environment descriptor '/home/malicancas/my_bot/install/my_bot/share/my_bot/hook/cmake_prefix_path.dsv'
[3.094s] INFO:colcon.colcon_core.shell:Creating environment hook '/home/malicancas/my_bot/install/my_bot/share/my_bot/hook/cmake_prefix_path.sh'
[3.097s] Level 1:colcon.colcon_core.environment:checking '/home/malicancas/my_bot/install/my_bot/bin'
[3.097s] Level 1:colcon.colcon_core.environment:checking '/home/malicancas/my_bot/install/my_bot/lib/pkgconfig/my_bot.pc'
[3.098s] Level 1:colcon.colcon_core.environment:checking '/home/malicancas/my_bot/install/my_bot/lib/python3.10/site-packages'
[3.099s] Level 1:colcon.colcon_core.environment:checking '/home/malicancas/my_bot/install/my_bot/bin'
[3.099s] INFO:colcon.colcon_core.shell:Creating package script '/home/malicancas/my_bot/install/my_bot/share/my_bot/package.ps1'
[3.102s] INFO:colcon.colcon_core.shell:Creating package descriptor '/home/malicancas/my_bot/install/my_bot/share/my_bot/package.dsv'
[3.104s] INFO:colcon.colcon_core.shell:Creating package script '/home/malicancas/my_bot/install/my_bot/share/my_bot/package.sh'
[3.107s] INFO:colcon.colcon_core.shell:Creating package script '/home/malicancas/my_bot/install/my_bot/share/my_bot/package.bash'
[3.110s] INFO:colcon.colcon_core.shell:Creating package script '/home/malicancas/my_bot/install/my_bot/share/my_bot/package.zsh'
[3.112s] Level 1:colcon.colcon_core.environment:create_file_with_runtime_dependencies(/home/malicancas/my_bot/install/my_bot/share/colcon-core/packages/my_bot)
[3.114s] Level 1:colcon.colcon_core.environment:create_environment_scripts_only(my_bot)
[3.114s] Level 1:colcon.colcon_core.environment:checking '/home/malicancas/my_bot/install/my_bot' for CMake module files
[3.115s] Level 1:colcon.colcon_core.environment:checking '/home/malicancas/my_bot/install/my_bot' for CMake config files
[3.115s] Level 1:colcon.colcon_core.shell:create_environment_hook('my_bot', 'cmake_prefix_path')
[3.116s] INFO:colcon.colcon_core.shell:Creating environment hook '/home/malicancas/my_bot/install/my_bot/share/my_bot/hook/cmake_prefix_path.ps1'
[3.117s] INFO:colcon.colcon_core.shell:Creating environment descriptor '/home/malicancas/my_bot/install/my_bot/share/my_bot/hook/cmake_prefix_path.dsv'
[3.118s] INFO:colcon.colcon_core.shell:Creating environment hook '/home/malicancas/my_bot/install/my_bot/share/my_bot/hook/cmake_prefix_path.sh'
[3.119s] Level 1:colcon.colcon_core.environment:checking '/home/malicancas/my_bot/install/my_bot/bin'
[3.119s] Level 1:colcon.colcon_core.environment:checking '/home/malicancas/my_bot/install/my_bot/lib/pkgconfig/my_bot.pc'
[3.120s] Level 1:colcon.colcon_core.environment:checking '/home/malicancas/my_bot/install/my_bot/lib/python3.10/site-packages'
[3.120s] Level 1:colcon.colcon_core.environment:checking '/home/malicancas/my_bot/install/my_bot/bin'
[3.120s] INFO:colcon.colcon_core.shell:Creating package script '/home/malicancas/my_bot/install/my_bot/share/my_bot/package.ps1'
[3.121s] INFO:colcon.colcon_core.shell:Creating package descriptor '/home/malicancas/my_bot/install/my_bot/share/my_bot/package.dsv'
[3.122s] INFO:colcon.colcon_core.shell:Creating package script '/home/malicancas/my_bot/install/my_bot/share/my_bot/package.sh'
[3.123s] INFO:colcon.colcon_core.shell:Creating package script '/home/malicancas/my_bot/install/my_bot/share/my_bot/package.bash'
[3.123s] INFO:colcon.colcon_core.shell:Creating package script '/home/malicancas/my_bot/install/my_bot/share/my_bot/package.zsh'
[3.124s] Level 1:colcon.colcon_core.environment:create_file_with_runtime_dependencies(/home/malicancas/my_bot/install/my_bot/share/colcon-core/packages/my_bot)
[3.124s] DEBUG:colcon.colcon_parallel_executor.executor.parallel:closing loop
[3.125s] DEBUG:colcon.colcon_parallel_executor.executor.parallel:loop closed
[3.125s] DEBUG:colcon.colcon_parallel_executor.executor.parallel:run_until_complete finished with '0'
[3.125s] DEBUG:colcon.colcon_core.event_reactor:joining thread
[3.460s] INFO:colcon.colcon_core.plugin_system:Skipping extension 'colcon_notification.desktop_notification.notify_send': Could not find 'notify-send'
[3.461s] INFO:colcon.colcon_core.plugin_system:Skipping extension 'colcon_notification.desktop_notification.terminal_notifier': Not used on non-Darwin systems
[3.461s] INFO:colcon.colcon_core.plugin_system:Skipping extension 'colcon_notification.desktop_notification.win32': Not used on non-Windows systems
[3.461s] INFO:colcon.colcon_notification.desktop_notification:Sending desktop notification using 'notify2'
[3.461s] DEBUG:colcon.colcon_notification.desktop_notification.notify2:Failed to initialize notify2: org.freedesktop.DBus.Error.FileNotFound: Failed to connect to socket /run/user/1000/bus: No such file or directory
[3.462s] DEBUG:colcon.colcon_core.event_reactor:joined thread
[3.462s] INFO:colcon.colcon_core.shell:Creating prefix script '/home/malicancas/my_bot/install/local_setup.ps1'
[3.463s] INFO:colcon.colcon_core.shell:Creating prefix util module '/home/malicancas/my_bot/install/_local_setup_util_ps1.py'
[3.465s] INFO:colcon.colcon_core.shell:Creating prefix chain script '/home/malicancas/my_bot/install/setup.ps1'
[3.466s] INFO:colcon.colcon_core.shell:Creating prefix script '/home/malicancas/my_bot/install/local_setup.sh'
[3.467s] INFO:colcon.colcon_core.shell:Creating prefix util module '/home/malicancas/my_bot/install/_local_setup_util_sh.py'
[3.468s] INFO:colcon.colcon_core.shell:Creating prefix chain script '/home/malicancas/my_bot/install/setup.sh'
[3.469s] INFO:colcon.colcon_core.shell:Creating prefix script '/home/malicancas/my_bot/install/local_setup.bash'
[3.470s] INFO:colcon.colcon_core.shell:Creating prefix chain script '/home/malicancas/my_bot/install/setup.bash'
[3.471s] INFO:colcon.colcon_core.shell:Creating prefix script '/home/malicancas/my_bot/install/local_setup.zsh'
[3.472s] INFO:colcon.colcon_core.shell:Creating prefix chain script '/home/malicancas/my_bot/install/setup.zsh'
