[0.625s] DEBUG:colcon:Command line arguments: ['/usr/bin/colcon', 'build', '--symlink-install']
[0.625s] DEBUG:colcon:Parsed command line arguments: Namespace(log_base=None, log_level=None, verb_name='build', build_base='build', install_base='install', merge_install=False, symlink_install=True, test_result_base=None, continue_on_error=False, executor='parallel', parallel_workers=16, event_handlers=None, ignore_user_meta=False, metas=['./colcon.meta'], base_paths=['.'], packages_ignore=None, packages_ignore_regex=None, paths=None, packages_up_to=None, packages_up_to_regex=None, packages_above=None, packages_above_and_dependencies=None, packages_above_depth=None, packages_select_by_dep=None, packages_skip_by_dep=None, packages_skip_up_to=None, packages_select_build_failed=False, packages_skip_build_finished=False, packages_select_test_failures=False, packages_skip_test_passed=False, packages_select=None, packages_skip=None, packages_select_regex=None, packages_skip_regex=None, packages_start=None, packages_end=None, allow_overriding=[], cmake_args=None, cmake_target=None, cmake_target_skip_unavailable=False, cmake_clean_cache=False, cmake_clean_first=False, cmake_force_configure=False, ament_cmake_args=None, catkin_cmake_args=None, catkin_skip_building_tests=False, mixin_files=None, mixin=None, verb_parser=<colcon_mixin.mixin.mixin_argument.MixinArgumentDecorator object at 0x7f4a2c5bcc10>, verb_extension=<colcon_core.verb.build.BuildVerb object at 0x7f4a2c5bc760>, main=<bound method BuildVerb.main of <colcon_core.verb.build.BuildVerb object at 0x7f4a2c5bc760>>, mixin_verb=('build',))
[1.131s] Level 1:colcon.colcon_core.package_discovery:discover_packages(colcon_meta) check parameters
[1.131s] Level 1:colcon.colcon_core.package_discovery:discover_packages(recursive) check parameters
[1.131s] Level 1:colcon.colcon_core.package_discovery:discover_packages(ignore) check parameters
[1.131s] Level 1:colcon.colcon_core.package_discovery:discover_packages(path) check parameters
[1.131s] Level 1:colcon.colcon_core.package_discovery:discover_packages(colcon_meta) discover
[1.131s] Level 1:colcon.colcon_core.package_discovery:discover_packages(recursive) discover
[1.132s] INFO:colcon.colcon_core.package_discovery:Crawling recursively for packages in '/home/malicancas/my_bot'
[1.132s] Level 1:colcon.colcon_core.package_identification:_identify(.) by extensions ['ignore', 'ignore_ament_install']
[1.132s] Level 1:colcon.colcon_core.package_identification:_identify(.) by extension 'ignore'
[1.132s] Level 1:colcon.colcon_core.package_identification:_identify(.) by extension 'ignore_ament_install'
[1.132s] Level 1:colcon.colcon_core.package_identification:_identify(.) by extensions ['colcon_pkg']
[1.132s] Level 1:colcon.colcon_core.package_identification:_identify(.) by extension 'colcon_pkg'
[1.132s] Level 1:colcon.colcon_core.package_identification:_identify(.) by extensions ['colcon_meta']
[1.133s] Level 1:colcon.colcon_core.package_identification:_identify(.) by extension 'colcon_meta'
[1.133s] Level 1:colcon.colcon_core.package_identification:_identify(.) by extensions ['ros']
[1.133s] Level 1:colcon.colcon_core.package_identification:_identify(.) by extension 'ros'
[1.151s] DEBUG:colcon.colcon_core.package_identification:Package '.' with type 'ros.ament_cmake' and name 'my_bot'
[1.151s] Level 1:colcon.colcon_core.package_discovery:discover_packages(recursive) using defaults
[1.151s] Level 1:colcon.colcon_core.package_discovery:discover_packages(ignore) discover
[1.151s] Level 1:colcon.colcon_core.package_discovery:discover_packages(ignore) using defaults
[1.151s] Level 1:colcon.colcon_core.package_discovery:discover_packages(path) discover
[1.151s] Level 1:colcon.colcon_core.package_discovery:discover_packages(path) using defaults
[1.180s] Level 1:colcon.colcon_core.package_discovery:discover_packages(prefix_path) check parameters
[1.180s] Level 1:colcon.colcon_core.package_discovery:discover_packages(prefix_path) discover
[1.186s] DEBUG:colcon.colcon_installed_package_information.package_discovery:Found 401 installed packages in /opt/ros/humble
[1.189s] Level 1:colcon.colcon_core.package_discovery:discover_packages(prefix_path) using defaults
[1.234s] Level 5:colcon.colcon_core.verb:set package 'my_bot' build argument 'cmake_args' from command line to 'None'
[1.234s] Level 5:colcon.colcon_core.verb:set package 'my_bot' build argument 'cmake_target' from command line to 'None'
[1.234s] Level 5:colcon.colcon_core.verb:set package 'my_bot' build argument 'cmake_target_skip_unavailable' from command line to 'False'
[1.234s] Level 5:colcon.colcon_core.verb:set package 'my_bot' build argument 'cmake_clean_cache' from command line to 'False'
[1.234s] Level 5:colcon.colcon_core.verb:set package 'my_bot' build argument 'cmake_clean_first' from command line to 'False'
[1.235s] Level 5:colcon.colcon_core.verb:set package 'my_bot' build argument 'cmake_force_configure' from command line to 'False'
[1.235s] Level 5:colcon.colcon_core.verb:set package 'my_bot' build argument 'ament_cmake_args' from command line to 'None'
[1.235s] Level 5:colcon.colcon_core.verb:set package 'my_bot' build argument 'catkin_cmake_args' from command line to 'None'
[1.235s] Level 5:colcon.colcon_core.verb:set package 'my_bot' build argument 'catkin_skip_building_tests' from command line to 'False'
[1.235s] DEBUG:colcon.colcon_core.verb:Building package 'my_bot' with the following arguments: {'ament_cmake_args': None, 'build_base': '/home/malicancas/my_bot/build/my_bot', 'catkin_cmake_args': None, 'catkin_skip_building_tests': False, 'cmake_args': None, 'cmake_clean_cache': False, 'cmake_clean_first': False, 'cmake_force_configure': False, 'cmake_target': None, 'cmake_target_skip_unavailable': False, 'install_base': '/home/malicancas/my_bot/install/my_bot', 'merge_install': False, 'path': '/home/malicancas/my_bot', 'symlink_install': True, 'test_result_base': None}
[1.235s] INFO:colcon.colcon_core.executor:Executing jobs using 'parallel' executor
[1.236s] DEBUG:colcon.colcon_parallel_executor.executor.parallel:run_until_complete
[1.237s] INFO:colcon.colcon_ros.task.ament_cmake.build:Building ROS package in '/home/malicancas/my_bot' with build type 'ament_cmake'
[1.237s] INFO:colcon.colcon_cmake.task.cmake.build:Building CMake package in '/home/malicancas/my_bot'
[1.242s] INFO:colcon.colcon_core.plugin_system:Skipping extension 'colcon_core.shell.bat': Not used on non-Windows systems
[1.243s] INFO:colcon.colcon_core.shell:Skip shell extension 'powershell' for command environment: Not usable outside of PowerShell
[1.243s] DEBUG:colcon.colcon_core.shell:Skip shell extension 'dsv' for command environment
[1.264s] DEBUG:colcon.colcon_core.event_handler.log_command:Invoking command in '/home/malicancas/my_bot/build/my_bot': CMAKE_PREFIX_PATH=/opt/ros/humble /usr/bin/cmake /home/malicancas/my_bot -DAMENT_CMAKE_SYMLINK_INSTALL=1 -DCMAKE_INSTALL_PREFIX=/home/malicancas/my_bot/install/my_bot
[7.796s] DEBUG:colcon.colcon_core.event_handler.log_command:Invoked command in '/home/malicancas/my_bot/build/my_bot' returned '0': CMAKE_PREFIX_PATH=/opt/ros/humble /usr/bin/cmake /home/malicancas/my_bot -DAMENT_CMAKE_SYMLINK_INSTALL=1 -DCMAKE_INSTALL_PREFIX=/home/malicancas/my_bot/install/my_bot
[7.803s] DEBUG:colcon.colcon_core.event_handler.log_command:Invoking command in '/home/malicancas/my_bot/build/my_bot': CMAKE_PREFIX_PATH=/opt/ros/humble /usr/bin/cmake --build /home/malicancas/my_bot/build/my_bot -- -j16 -l16
[7.844s] DEBUG:colcon.colcon_core.event_handler.log_command:Invoked command in '/home/malicancas/my_bot/build/my_bot' returned '0': CMAKE_PREFIX_PATH=/opt/ros/humble /usr/bin/cmake --build /home/malicancas/my_bot/build/my_bot -- -j16 -l16
[7.855s] DEBUG:colcon.colcon_core.event_handler.log_command:Invoking command in '/home/malicancas/my_bot/build/my_bot': CMAKE_PREFIX_PATH=/opt/ros/humble /usr/bin/cmake --install /home/malicancas/my_bot/build/my_bot
[8.050s] Level 1:colcon.colcon_core.environment:create_environment_scripts_only(my_bot)
[8.052s] DEBUG:colcon.colcon_core.event_handler.log_command:Invoked command in '/home/malicancas/my_bot/build/my_bot' returned '0': CMAKE_PREFIX_PATH=/opt/ros/humble /usr/bin/cmake --install /home/malicancas/my_bot/build/my_bot
[8.071s] Level 1:colcon.colcon_core.environment:checking '/home/malicancas/my_bot/install/my_bot' for CMake module files
[8.071s] Level 1:colcon.colcon_core.environment:checking '/home/malicancas/my_bot/install/my_bot' for CMake config files
[8.072s] Level 1:colcon.colcon_core.shell:create_environment_hook('my_bot', 'cmake_prefix_path')
[8.072s] INFO:colcon.colcon_core.shell:Creating environment hook '/home/malicancas/my_bot/install/my_bot/share/my_bot/hook/cmake_prefix_path.ps1'
[8.075s] INFO:colcon.colcon_core.shell:Creating environment descriptor '/home/malicancas/my_bot/install/my_bot/share/my_bot/hook/cmake_prefix_path.dsv'
[8.077s] INFO:colcon.colcon_core.shell:Creating environment hook '/home/malicancas/my_bot/install/my_bot/share/my_bot/hook/cmake_prefix_path.sh'
[8.079s] Level 1:colcon.colcon_core.environment:checking '/home/malicancas/my_bot/install/my_bot/bin'
[8.079s] Level 1:colcon.colcon_core.environment:checking '/home/malicancas/my_bot/install/my_bot/lib/pkgconfig/my_bot.pc'
[8.079s] Level 1:colcon.colcon_core.environment:checking '/home/malicancas/my_bot/install/my_bot/lib/python3.10/site-packages'
[8.080s] Level 1:colcon.colcon_core.environment:checking '/home/malicancas/my_bot/install/my_bot/bin'
[8.080s] INFO:colcon.colcon_core.shell:Creating package script '/home/malicancas/my_bot/install/my_bot/share/my_bot/package.ps1'
[8.082s] INFO:colcon.colcon_core.shell:Creating package descriptor '/home/malicancas/my_bot/install/my_bot/share/my_bot/package.dsv'
[8.084s] INFO:colcon.colcon_core.shell:Creating package script '/home/malicancas/my_bot/install/my_bot/share/my_bot/package.sh'
[8.086s] INFO:colcon.colcon_core.shell:Creating package script '/home/malicancas/my_bot/install/my_bot/share/my_bot/package.bash'
[8.088s] INFO:colcon.colcon_core.shell:Creating package script '/home/malicancas/my_bot/install/my_bot/share/my_bot/package.zsh'
[8.090s] Level 1:colcon.colcon_core.environment:create_file_with_runtime_dependencies(/home/malicancas/my_bot/install/my_bot/share/colcon-core/packages/my_bot)
[8.092s] Level 1:colcon.colcon_core.environment:create_environment_scripts_only(my_bot)
[8.093s] Level 1:colcon.colcon_core.environment:checking '/home/malicancas/my_bot/install/my_bot' for CMake module files
[8.093s] Level 1:colcon.colcon_core.environment:checking '/home/malicancas/my_bot/install/my_bot' for CMake config files
[8.094s] Level 1:colcon.colcon_core.shell:create_environment_hook('my_bot', 'cmake_prefix_path')
[8.094s] INFO:colcon.colcon_core.shell:Creating environment hook '/home/malicancas/my_bot/install/my_bot/share/my_bot/hook/cmake_prefix_path.ps1'
[8.096s] INFO:colcon.colcon_core.shell:Creating environment descriptor '/home/malicancas/my_bot/install/my_bot/share/my_bot/hook/cmake_prefix_path.dsv'
[8.097s] INFO:colcon.colcon_core.shell:Creating environment hook '/home/malicancas/my_bot/install/my_bot/share/my_bot/hook/cmake_prefix_path.sh'
[8.098s] Level 1:colcon.colcon_core.environment:checking '/home/malicancas/my_bot/install/my_bot/bin'
[8.098s] Level 1:colcon.colcon_core.environment:checking '/home/malicancas/my_bot/install/my_bot/lib/pkgconfig/my_bot.pc'
[8.099s] Level 1:colcon.colcon_core.environment:checking '/home/malicancas/my_bot/install/my_bot/lib/python3.10/site-packages'
[8.099s] Level 1:colcon.colcon_core.environment:checking '/home/malicancas/my_bot/install/my_bot/bin'
[8.100s] INFO:colcon.colcon_core.shell:Creating package script '/home/malicancas/my_bot/install/my_bot/share/my_bot/package.ps1'
[8.101s] INFO:colcon.colcon_core.shell:Creating package descriptor '/home/malicancas/my_bot/install/my_bot/share/my_bot/package.dsv'
[8.102s] INFO:colcon.colcon_core.shell:Creating package script '/home/malicancas/my_bot/install/my_bot/share/my_bot/package.sh'
[8.102s] INFO:colcon.colcon_core.shell:Creating package script '/home/malicancas/my_bot/install/my_bot/share/my_bot/package.bash'
[8.103s] INFO:colcon.colcon_core.shell:Creating package script '/home/malicancas/my_bot/install/my_bot/share/my_bot/package.zsh'
[8.104s] Level 1:colcon.colcon_core.environment:create_file_with_runtime_dependencies(/home/malicancas/my_bot/install/my_bot/share/colcon-core/packages/my_bot)
[8.104s] DEBUG:colcon.colcon_parallel_executor.executor.parallel:closing loop
[8.105s] DEBUG:colcon.colcon_parallel_executor.executor.parallel:loop closed
[8.106s] DEBUG:colcon.colcon_parallel_executor.executor.parallel:run_until_complete finished with '0'
[8.107s] DEBUG:colcon.colcon_core.event_reactor:joining thread
[8.306s] INFO:colcon.colcon_core.plugin_system:Skipping extension 'colcon_notification.desktop_notification.notify_send': Could not find 'notify-send'
[8.306s] INFO:colcon.colcon_core.plugin_system:Skipping extension 'colcon_notification.desktop_notification.terminal_notifier': Not used on non-Darwin systems
[8.306s] INFO:colcon.colcon_core.plugin_system:Skipping extension 'colcon_notification.desktop_notification.win32': Not used on non-Windows systems
[8.306s] INFO:colcon.colcon_notification.desktop_notification:Sending desktop notification using 'notify2'
[8.307s] DEBUG:colcon.colcon_notification.desktop_notification.notify2:Failed to initialize notify2: org.freedesktop.DBus.Error.FileNotFound: Failed to connect to socket /run/user/1000/bus: No such file or directory
[8.307s] DEBUG:colcon.colcon_core.event_reactor:joined thread
[8.308s] INFO:colcon.colcon_core.shell:Creating prefix script '/home/malicancas/my_bot/install/local_setup.ps1'
[8.318s] INFO:colcon.colcon_core.shell:Creating prefix util module '/home/malicancas/my_bot/install/_local_setup_util_ps1.py'
[8.321s] INFO:colcon.colcon_core.shell:Creating prefix chain script '/home/malicancas/my_bot/install/setup.ps1'
[8.323s] INFO:colcon.colcon_core.shell:Creating prefix script '/home/malicancas/my_bot/install/local_setup.sh'
[8.325s] INFO:colcon.colcon_core.shell:Creating prefix util module '/home/malicancas/my_bot/install/_local_setup_util_sh.py'
[8.326s] INFO:colcon.colcon_core.shell:Creating prefix chain script '/home/malicancas/my_bot/install/setup.sh'
[8.328s] INFO:colcon.colcon_core.shell:Creating prefix script '/home/malicancas/my_bot/install/local_setup.bash'
[8.331s] INFO:colcon.colcon_core.shell:Creating prefix chain script '/home/malicancas/my_bot/install/setup.bash'
[8.333s] INFO:colcon.colcon_core.shell:Creating prefix script '/home/malicancas/my_bot/install/local_setup.zsh'
[8.335s] INFO:colcon.colcon_core.shell:Creating prefix chain script '/home/malicancas/my_bot/install/setup.zsh'
