[0.027s] Invoking command in '/home/malicancas/my_bot/build/my_bot': CMAKE_PREFIX_PATH=/opt/ros/humble /usr/bin/cmake /home/malicancas/my_bot -DAMENT_CMAKE_SYMLINK_INSTALL=1 -DCMAKE_INSTALL_PREFIX=/home/malicancas/my_bot/install/my_bot
[0.749s] -- The C compiler identification is GNU 11.4.0
[2.978s] -- The CXX compiler identification is GNU 11.4.0
[4.720s] -- Detecting C compiler ABI info
[5.281s] -- Detecting C compiler ABI info - done
[5.298s] -- Check for working C compiler: /usr/bin/cc - skipped
[5.300s] -- Detecting C compile features
[5.303s] -- Detecting C compile features - done
[5.311s] -- Detecting CXX compiler ABI info
[5.772s] -- Detecting CXX compiler ABI info - done
[5.781s] -- Check for working CXX compiler: /usr/bin/c++ - skipped
[5.781s] -- Detecting CXX compile features
[5.782s] -- Detecting CXX compile features - done
[5.811s] -- Found ament_cmake: 1.3.11 (/opt/ros/humble/share/ament_cmake/cmake)
[6.042s] -- Found Python3: /usr/bin/python3 (found version "3.10.12") found components: Interpreter 
[6.168s] -- Override CMake install command with custom implementation using symlinks instead of copying resources
[6.266s] -- Found ament_lint_auto: 0.12.11 (/opt/ros/humble/share/ament_lint_auto/cmake)
[6.406s] -- Added test 'copyright' to check source files copyright and LICENSE
[6.438s] -- Added test 'cppcheck' to perform static code analysis on C / C++ code
[6.438s] -- Configured cppcheck include dirs: 
[6.438s] -- Configured cppcheck exclude dirs and/or files: 
[6.476s] -- Added test 'cpplint' to check C / C++ code against the Google style
[6.476s] -- Configured cpplint exclude dirs and/or files: 
[6.482s] -- Added test 'flake8' to check Python code syntax and style conventions
[6.491s] -- Added test 'lint_cmake' to check CMake code style
[6.496s] -- Added test 'pep257' to check Python code against some of the docstring style conventions in PEP 257
[6.530s] -- Added test 'uncrustify' to check C / C++ code style
[6.530s] -- Configured uncrustify additional arguments: 
[6.535s] -- Added test 'xmllint' to check XML markup files
[6.540s] -- Configuring done
[6.544s] -- Generating done
[6.548s] -- Build files have been written to: /home/malicancas/my_bot/build/my_bot
[6.559s] Invoked command in '/home/malicancas/my_bot/build/my_bot' returned '0': CMAKE_PREFIX_PATH=/opt/ros/humble /usr/bin/cmake /home/malicancas/my_bot -DAMENT_CMAKE_SYMLINK_INSTALL=1 -DCMAKE_INSTALL_PREFIX=/home/malicancas/my_bot/install/my_bot
[6.566s] Invoking command in '/home/malicancas/my_bot/build/my_bot': CMAKE_PREFIX_PATH=/opt/ros/humble /usr/bin/cmake --build /home/malicancas/my_bot/build/my_bot -- -j16 -l16
[6.607s] Invoked command in '/home/malicancas/my_bot/build/my_bot' returned '0': CMAKE_PREFIX_PATH=/opt/ros/humble /usr/bin/cmake --build /home/malicancas/my_bot/build/my_bot -- -j16 -l16
[6.618s] Invoking command in '/home/malicancas/my_bot/build/my_bot': CMAKE_PREFIX_PATH=/opt/ros/humble /usr/bin/cmake --install /home/malicancas/my_bot/build/my_bot
[6.625s] -- Install configuration: ""
[6.625s] -- Execute custom install script
[6.626s] -- Symlinking: /home/malicancas/my_bot/install/my_bot/share/my_bot/config/empty.yaml
[6.633s] -- Up-to-date symlink: /home/malicancas/my_bot/install/my_bot/share/my_bot/config/my_controller.yaml
[6.634s] -- Up-to-date symlink: /home/malicancas/my_bot/install/my_bot/share/my_bot/description/gazebo_control.xacro
[6.634s] -- Up-to-date symlink: /home/malicancas/my_bot/install/my_bot/share/my_bot/description/guilassas.xacro
[6.634s] -- Up-to-date symlink: /home/malicancas/my_bot/install/my_bot/share/my_bot/description/inertial_macros.xacro
[6.634s] -- Symlinking: /home/malicancas/my_bot/install/my_bot/share/my_bot/description/robot.urdf.xacro
[6.642s] -- Symlinking: /home/malicancas/my_bot/install/my_bot/share/my_bot/description/robot_core.xacro
[6.652s] -- Up-to-date symlink: /home/malicancas/my_bot/install/my_bot/share/my_bot/description/ros2_control.xacro
[6.652s] -- Up-to-date symlink: /home/malicancas/my_bot/install/my_bot/share/my_bot/launch/launch_sim.launch.py
[6.652s] -- Symlinking: /home/malicancas/my_bot/install/my_bot/share/my_bot/launch/rsp.launch.py
[6.662s] -- Symlinking: /home/malicancas/my_bot/install/my_bot/share/my_bot/worlds/empty.world
[6.672s] -- Symlinking: /home/malicancas/my_bot/install/my_bot/share/ament_index/resource_index/package_run_dependencies/my_bot
[6.680s] -- Symlinking: /home/malicancas/my_bot/install/my_bot/share/ament_index/resource_index/parent_prefix_path/my_bot
[6.687s] -- Symlinking: /home/malicancas/my_bot/install/my_bot/share/my_bot/environment/ament_prefix_path.sh
[6.696s] -- Symlinking: /home/malicancas/my_bot/install/my_bot/share/my_bot/environment/ament_prefix_path.dsv
[6.706s] -- Symlinking: /home/malicancas/my_bot/install/my_bot/share/my_bot/environment/path.sh
[6.715s] -- Symlinking: /home/malicancas/my_bot/install/my_bot/share/my_bot/environment/path.dsv
[6.722s] -- Symlinking: /home/malicancas/my_bot/install/my_bot/share/my_bot/local_setup.bash
[6.730s] -- Symlinking: /home/malicancas/my_bot/install/my_bot/share/my_bot/local_setup.sh
[6.738s] -- Symlinking: /home/malicancas/my_bot/install/my_bot/share/my_bot/local_setup.zsh
[6.747s] -- Symlinking: /home/malicancas/my_bot/install/my_bot/share/my_bot/local_setup.dsv
[6.761s] -- Symlinking: /home/malicancas/my_bot/install/my_bot/share/my_bot/package.dsv
[6.774s] -- Symlinking: /home/malicancas/my_bot/install/my_bot/share/ament_index/resource_index/packages/my_bot
[6.784s] -- Symlinking: /home/malicancas/my_bot/install/my_bot/share/my_bot/cmake/my_botConfig.cmake
[6.793s] -- Symlinking: /home/malicancas/my_bot/install/my_bot/share/my_bot/cmake/my_botConfig-version.cmake
[6.802s] -- Symlinking: /home/malicancas/my_bot/install/my_bot/share/my_bot/package.xml
[6.814s] Invoked command in '/home/malicancas/my_bot/build/my_bot' returned '0': CMAKE_PREFIX_PATH=/opt/ros/humble /usr/bin/cmake --install /home/malicancas/my_bot/build/my_bot
