[0.031s] Invoking command in '/home/malicancas/my_bot/build/my_bot': CMAKE_PREFIX_PATH=${CMAKE_PREFIX_PATH}:/opt/ros/humble /usr/bin/cmake --build /home/malicancas/my_bot/build/my_bot -- -j16 -l16
[0.141s] Invoked command in '/home/malicancas/my_bot/build/my_bot' returned '0': CMAKE_PREFIX_PATH=${CMAKE_PREFIX_PATH}:/opt/ros/humble /usr/bin/cmake --build /home/malicancas/my_bot/build/my_bot -- -j16 -l16
[0.161s] Invoking command in '/home/malicancas/my_bot/build/my_bot': CMAKE_PREFIX_PATH=${CMAKE_PREFIX_PATH}:/opt/ros/humble /usr/bin/cmake --install /home/malicancas/my_bot/build/my_bot
[0.176s] -- Install configuration: ""
[0.179s] -- Execute custom install script
[0.182s] -- Up-to-date symlink: /home/malicancas/my_bot/install/my_bot/share/my_bot/config/empty.yaml
[0.182s] -- Up-to-date symlink: /home/malicancas/my_bot/install/my_bot/share/my_bot/config/my_controller.yaml
[0.183s] -- Up-to-date symlink: /home/malicancas/my_bot/install/my_bot/share/my_bot/description/gazebo_control.xacro
[0.183s] -- Up-to-date symlink: /home/malicancas/my_bot/install/my_bot/share/my_bot/description/guilassas.xacro
[0.183s] -- Up-to-date symlink: /home/malicancas/my_bot/install/my_bot/share/my_bot/description/inertial_macros.xacro
[0.184s] -- Up-to-date symlink: /home/malicancas/my_bot/install/my_bot/share/my_bot/description/robot.urdf.xacro
[0.184s] -- Up-to-date symlink: /home/malicancas/my_bot/install/my_bot/share/my_bot/description/robot_core.xacro
[0.184s] -- Up-to-date symlink: /home/malicancas/my_bot/install/my_bot/share/my_bot/description/ros2_control.xacro
[0.185s] -- Up-to-date symlink: /home/malicancas/my_bot/install/my_bot/share/my_bot/launch/launch_sim.launch.py
[0.185s] -- Up-to-date symlink: /home/malicancas/my_bot/install/my_bot/share/my_bot/launch/rsp.launch.py
[0.185s] -- Up-to-date symlink: /home/malicancas/my_bot/install/my_bot/share/my_bot/worlds/empty.world
[0.186s] -- Up-to-date symlink: /home/malicancas/my_bot/install/my_bot/share/ament_index/resource_index/package_run_dependencies/my_bot
[0.186s] -- Up-to-date symlink: /home/malicancas/my_bot/install/my_bot/share/ament_index/resource_index/parent_prefix_path/my_bot
[0.186s] -- Up-to-date symlink: /home/malicancas/my_bot/install/my_bot/share/my_bot/environment/ament_prefix_path.sh
[0.187s] -- Up-to-date symlink: /home/malicancas/my_bot/install/my_bot/share/my_bot/environment/ament_prefix_path.dsv
[0.187s] -- Up-to-date symlink: /home/malicancas/my_bot/install/my_bot/share/my_bot/environment/path.sh
[0.187s] -- Up-to-date symlink: /home/malicancas/my_bot/install/my_bot/share/my_bot/environment/path.dsv
[0.188s] -- Up-to-date symlink: /home/malicancas/my_bot/install/my_bot/share/my_bot/local_setup.bash
[0.188s] -- Up-to-date symlink: /home/malicancas/my_bot/install/my_bot/share/my_bot/local_setup.sh
[0.189s] -- Up-to-date symlink: /home/malicancas/my_bot/install/my_bot/share/my_bot/local_setup.zsh
[0.189s] -- Up-to-date symlink: /home/malicancas/my_bot/install/my_bot/share/my_bot/local_setup.dsv
[0.189s] -- Symlinking: /home/malicancas/my_bot/install/my_bot/share/my_bot/package.dsv
[0.199s] -- Up-to-date symlink: /home/malicancas/my_bot/install/my_bot/share/ament_index/resource_index/packages/my_bot
[0.200s] -- Up-to-date symlink: /home/malicancas/my_bot/install/my_bot/share/my_bot/cmake/my_botConfig.cmake
[0.200s] -- Up-to-date symlink: /home/malicancas/my_bot/install/my_bot/share/my_bot/cmake/my_botConfig-version.cmake
[0.200s] -- Up-to-date symlink: /home/malicancas/my_bot/install/my_bot/share/my_bot/package.xml
[0.203s] Invoked command in '/home/malicancas/my_bot/build/my_bot' returned '0': CMAKE_PREFIX_PATH=${CMAKE_PREFIX_PATH}:/opt/ros/humble /usr/bin/cmake --install /home/malicancas/my_bot/build/my_bot
