[0.785s] DEBUG:colcon:Command line arguments: ['/usr/bin/colcon', 'build', '--symlink-install']
[0.785s] DEBUG:colcon:Parsed command line arguments: Namespace(log_base=None, log_level=None, verb_name='build', build_base='build', install_base='install', merge_install=False, symlink_install=True, test_result_base=None, continue_on_error=False, executor='parallel', parallel_workers=16, event_handlers=None, ignore_user_meta=False, metas=['./colcon.meta'], base_paths=['.'], packages_ignore=None, packages_ignore_regex=None, paths=None, packages_up_to=None, packages_up_to_regex=None, packages_above=None, packages_above_and_dependencies=None, packages_above_depth=None, packages_select_by_dep=None, packages_skip_by_dep=None, packages_skip_up_to=None, packages_select_build_failed=False, packages_skip_build_finished=False, packages_select_test_failures=False, packages_skip_test_passed=False, packages_select=None, packages_skip=None, packages_select_regex=None, packages_skip_regex=None, packages_start=None, packages_end=None, allow_overriding=[], cmake_args=None, cmake_target=None, cmake_target_skip_unavailable=False, cmake_clean_cache=False, cmake_clean_first=False, cmake_force_configure=False, ament_cmake_args=None, catkin_cmake_args=None, catkin_skip_building_tests=False, mixin_files=None, mixin=None, verb_parser=<colcon_mixin.mixin.mixin_argument.MixinArgumentDecorator object at 0x7ff841a4c910>, verb_extension=<colcon_core.verb.build.BuildVerb object at 0x7ff841a4c460>, main=<bound method BuildVerb.main of <colcon_core.verb.build.BuildVerb object at 0x7ff841a4c460>>, mixin_verb=('build',))
[1.180s] Level 1:colcon.colcon_core.package_discovery:discover_packages(colcon_meta) check parameters
[1.180s] Level 1:colcon.colcon_core.package_discovery:discover_packages(recursive) check parameters
[1.180s] Level 1:colcon.colcon_core.package_discovery:discover_packages(ignore) check parameters
[1.180s] Level 1:colcon.colcon_core.package_discovery:discover_packages(path) check parameters
[1.181s] Level 1:colcon.colcon_core.package_discovery:discover_packages(colcon_meta) discover
[1.181s] Level 1:colcon.colcon_core.package_discovery:discover_packages(recursive) discover
[1.181s] INFO:colcon.colcon_core.package_discovery:Crawling recursively for packages in '/home/malicancas/my_bot'
[1.181s] Level 1:colcon.colcon_core.package_identification:_identify(.) by extensions ['ignore', 'ignore_ament_install']
[1.182s] Level 1:colcon.colcon_core.package_identification:_identify(.) by extension 'ignore'
[1.182s] Level 1:colcon.colcon_core.package_identification:_identify(.) by extension 'ignore_ament_install'
[1.182s] Level 1:colcon.colcon_core.package_identification:_identify(.) by extensions ['colcon_pkg']
[1.182s] Level 1:colcon.colcon_core.package_identification:_identify(.) by extension 'colcon_pkg'
[1.182s] Level 1:colcon.colcon_core.package_identification:_identify(.) by extensions ['colcon_meta']
[1.182s] Level 1:colcon.colcon_core.package_identification:_identify(.) by extension 'colcon_meta'
[1.183s] Level 1:colcon.colcon_core.package_identification:_identify(.) by extensions ['ros']
[1.183s] Level 1:colcon.colcon_core.package_identification:_identify(.) by extension 'ros'
[1.228s] DEBUG:colcon.colcon_core.package_identification:Package '.' with type 'ros.ament_cmake' and name 'my_bot'
[1.228s] Level 1:colcon.colcon_core.package_discovery:discover_packages(recursive) using defaults
[1.229s] Level 1:colcon.colcon_core.package_discovery:discover_packages(ignore) discover
[1.229s] Level 1:colcon.colcon_core.package_discovery:discover_packages(ignore) using defaults
[1.229s] Level 1:colcon.colcon_core.package_discovery:discover_packages(path) discover
[1.229s] Level 1:colcon.colcon_core.package_discovery:discover_packages(path) using defaults
[1.270s] Level 1:colcon.colcon_core.package_discovery:discover_packages(prefix_path) check parameters
[1.270s] Level 1:colcon.colcon_core.package_discovery:discover_packages(prefix_path) discover
[1.272s] DEBUG:colcon.colcon_installed_package_information.package_discovery:Found 1 installed packages in /home/malicancas/my_bot/install
[1.273s] DEBUG:colcon.colcon_installed_package_information.package_discovery:Found 4 installed packages in /home/malicancas/rover_workspace/install
[1.275s] DEBUG:colcon.colcon_installed_package_information.package_discovery:Found 365 installed packages in /opt/ros/humble
[1.280s] Level 1:colcon.colcon_core.package_discovery:discover_packages(prefix_path) using defaults
[1.374s] Level 5:colcon.colcon_core.verb:set package 'my_bot' build argument 'cmake_args' from command line to 'None'
[1.374s] Level 5:colcon.colcon_core.verb:set package 'my_bot' build argument 'cmake_target' from command line to 'None'
[1.374s] Level 5:colcon.colcon_core.verb:set package 'my_bot' build argument 'cmake_target_skip_unavailable' from command line to 'False'
[1.374s] Level 5:colcon.colcon_core.verb:set package 'my_bot' build argument 'cmake_clean_cache' from command line to 'False'
[1.374s] Level 5:colcon.colcon_core.verb:set package 'my_bot' build argument 'cmake_clean_first' from command line to 'False'
[1.374s] Level 5:colcon.colcon_core.verb:set package 'my_bot' build argument 'cmake_force_configure' from command line to 'False'
[1.374s] Level 5:colcon.colcon_core.verb:set package 'my_bot' build argument 'ament_cmake_args' from command line to 'None'
[1.374s] Level 5:colcon.colcon_core.verb:set package 'my_bot' build argument 'catkin_cmake_args' from command line to 'None'
[1.374s] Level 5:colcon.colcon_core.verb:set package 'my_bot' build argument 'catkin_skip_building_tests' from command line to 'False'
[1.375s] DEBUG:colcon.colcon_core.verb:Building package 'my_bot' with the following arguments: {'ament_cmake_args': None, 'build_base': '/home/malicancas/my_bot/build/my_bot', 'catkin_cmake_args': None, 'catkin_skip_building_tests': False, 'cmake_args': None, 'cmake_clean_cache': False, 'cmake_clean_first': False, 'cmake_force_configure': False, 'cmake_target': None, 'cmake_target_skip_unavailable': False, 'install_base': '/home/malicancas/my_bot/install/my_bot', 'merge_install': False, 'path': '/home/malicancas/my_bot', 'symlink_install': True, 'test_result_base': None}
[1.375s] INFO:colcon.colcon_core.executor:Executing jobs using 'parallel' executor
[1.378s] DEBUG:colcon.colcon_parallel_executor.executor.parallel:run_until_complete
[1.379s] INFO:colcon.colcon_ros.task.ament_cmake.build:Building ROS package in '/home/malicancas/my_bot' with build type 'ament_cmake'
[1.380s] INFO:colcon.colcon_cmake.task.cmake.build:Building CMake package in '/home/malicancas/my_bot'
[1.385s] INFO:colcon.colcon_core.plugin_system:Skipping extension 'colcon_core.shell.bat': Not used on non-Windows systems
[1.386s] INFO:colcon.colcon_core.shell:Skip shell extension 'powershell' for command environment: Not usable outside of PowerShell
[1.386s] DEBUG:colcon.colcon_core.shell:Skip shell extension 'dsv' for command environment
[1.414s] DEBUG:colcon.colcon_core.event_handler.log_command:Invoking command in '/home/malicancas/my_bot/build/my_bot': CMAKE_PREFIX_PATH=${CMAKE_PREFIX_PATH}:/opt/ros/humble /usr/bin/cmake --build /home/malicancas/my_bot/build/my_bot -- -j16 -l16
[1.465s] DEBUG:colcon.colcon_core.event_handler.log_command:Invoked command in '/home/malicancas/my_bot/build/my_bot' returned '0': CMAKE_PREFIX_PATH=${CMAKE_PREFIX_PATH}:/opt/ros/humble /usr/bin/cmake --build /home/malicancas/my_bot/build/my_bot -- -j16 -l16
[1.479s] DEBUG:colcon.colcon_core.event_handler.log_command:Invoking command in '/home/malicancas/my_bot/build/my_bot': CMAKE_PREFIX_PATH=${CMAKE_PREFIX_PATH}:/opt/ros/humble /usr/bin/cmake --install /home/malicancas/my_bot/build/my_bot
[1.536s] Level 1:colcon.colcon_core.environment:create_environment_scripts_only(my_bot)
[1.538s] DEBUG:colcon.colcon_core.event_handler.log_command:Invoked command in '/home/malicancas/my_bot/build/my_bot' returned '0': CMAKE_PREFIX_PATH=${CMAKE_PREFIX_PATH}:/opt/ros/humble /usr/bin/cmake --install /home/malicancas/my_bot/build/my_bot
[1.545s] Level 1:colcon.colcon_core.environment:checking '/home/malicancas/my_bot/install/my_bot' for CMake module files
[1.546s] Level 1:colcon.colcon_core.environment:checking '/home/malicancas/my_bot/install/my_bot' for CMake config files
[1.547s] Level 1:colcon.colcon_core.shell:create_environment_hook('my_bot', 'cmake_prefix_path')
[1.547s] INFO:colcon.colcon_core.shell:Creating environment hook '/home/malicancas/my_bot/install/my_bot/share/my_bot/hook/cmake_prefix_path.ps1'
[1.549s] INFO:colcon.colcon_core.shell:Creating environment descriptor '/home/malicancas/my_bot/install/my_bot/share/my_bot/hook/cmake_prefix_path.dsv'
[1.550s] INFO:colcon.colcon_core.shell:Creating environment hook '/home/malicancas/my_bot/install/my_bot/share/my_bot/hook/cmake_prefix_path.sh'
[1.551s] Level 1:colcon.colcon_core.environment:checking '/home/malicancas/my_bot/install/my_bot/bin'
[1.551s] Level 1:colcon.colcon_core.environment:checking '/home/malicancas/my_bot/install/my_bot/lib/pkgconfig/my_bot.pc'
[1.552s] Level 1:colcon.colcon_core.environment:checking '/home/malicancas/my_bot/install/my_bot/lib/python3.10/site-packages'
[1.552s] Level 1:colcon.colcon_core.environment:checking '/home/malicancas/my_bot/install/my_bot/bin'
[1.553s] INFO:colcon.colcon_core.shell:Creating package script '/home/malicancas/my_bot/install/my_bot/share/my_bot/package.ps1'
[1.557s] INFO:colcon.colcon_core.shell:Creating package descriptor '/home/malicancas/my_bot/install/my_bot/share/my_bot/package.dsv'
[1.559s] INFO:colcon.colcon_core.shell:Creating package script '/home/malicancas/my_bot/install/my_bot/share/my_bot/package.sh'
[1.561s] INFO:colcon.colcon_core.shell:Creating package script '/home/malicancas/my_bot/install/my_bot/share/my_bot/package.bash'
[1.562s] INFO:colcon.colcon_core.shell:Creating package script '/home/malicancas/my_bot/install/my_bot/share/my_bot/package.zsh'
[1.564s] Level 1:colcon.colcon_core.environment:create_file_with_runtime_dependencies(/home/malicancas/my_bot/install/my_bot/share/colcon-core/packages/my_bot)
[1.565s] Level 1:colcon.colcon_core.environment:create_environment_scripts_only(my_bot)
[1.566s] Level 1:colcon.colcon_core.environment:checking '/home/malicancas/my_bot/install/my_bot' for CMake module files
[1.567s] Level 1:colcon.colcon_core.environment:checking '/home/malicancas/my_bot/install/my_bot' for CMake config files
[1.567s] Level 1:colcon.colcon_core.shell:create_environment_hook('my_bot', 'cmake_prefix_path')
[1.567s] INFO:colcon.colcon_core.shell:Creating environment hook '/home/malicancas/my_bot/install/my_bot/share/my_bot/hook/cmake_prefix_path.ps1'
[1.568s] INFO:colcon.colcon_core.shell:Creating environment descriptor '/home/malicancas/my_bot/install/my_bot/share/my_bot/hook/cmake_prefix_path.dsv'
[1.569s] INFO:colcon.colcon_core.shell:Creating environment hook '/home/malicancas/my_bot/install/my_bot/share/my_bot/hook/cmake_prefix_path.sh'
[1.573s] Level 1:colcon.colcon_core.environment:checking '/home/malicancas/my_bot/install/my_bot/bin'
[1.573s] Level 1:colcon.colcon_core.environment:checking '/home/malicancas/my_bot/install/my_bot/lib/pkgconfig/my_bot.pc'
[1.574s] Level 1:colcon.colcon_core.environment:checking '/home/malicancas/my_bot/install/my_bot/lib/python3.10/site-packages'
[1.574s] Level 1:colcon.colcon_core.environment:checking '/home/malicancas/my_bot/install/my_bot/bin'
[1.575s] INFO:colcon.colcon_core.shell:Creating package script '/home/malicancas/my_bot/install/my_bot/share/my_bot/package.ps1'
[1.576s] INFO:colcon.colcon_core.shell:Creating package descriptor '/home/malicancas/my_bot/install/my_bot/share/my_bot/package.dsv'
[1.577s] INFO:colcon.colcon_core.shell:Creating package script '/home/malicancas/my_bot/install/my_bot/share/my_bot/package.sh'
[1.578s] INFO:colcon.colcon_core.shell:Creating package script '/home/malicancas/my_bot/install/my_bot/share/my_bot/package.bash'
[1.579s] INFO:colcon.colcon_core.shell:Creating package script '/home/malicancas/my_bot/install/my_bot/share/my_bot/package.zsh'
[1.580s] Level 1:colcon.colcon_core.environment:create_file_with_runtime_dependencies(/home/malicancas/my_bot/install/my_bot/share/colcon-core/packages/my_bot)
[1.581s] DEBUG:colcon.colcon_parallel_executor.executor.parallel:closing loop
[1.582s] DEBUG:colcon.colcon_parallel_executor.executor.parallel:loop closed
[1.582s] DEBUG:colcon.colcon_parallel_executor.executor.parallel:run_until_complete finished with '0'
[1.582s] DEBUG:colcon.colcon_core.event_reactor:joining thread
[1.690s] INFO:colcon.colcon_core.plugin_system:Skipping extension 'colcon_notification.desktop_notification.notify_send': Could not find 'notify-send'
[1.690s] INFO:colcon.colcon_core.plugin_system:Skipping extension 'colcon_notification.desktop_notification.terminal_notifier': Not used on non-Darwin systems
[1.691s] INFO:colcon.colcon_core.plugin_system:Skipping extension 'colcon_notification.desktop_notification.win32': Not used on non-Windows systems
[1.691s] INFO:colcon.colcon_notification.desktop_notification:Sending desktop notification using 'notify2'
[1.691s] DEBUG:colcon.colcon_notification.desktop_notification.notify2:Failed to initialize notify2: org.freedesktop.DBus.Error.FileNotFound: Failed to connect to socket /run/user/1000/bus: No such file or directory
[1.692s] DEBUG:colcon.colcon_core.event_reactor:joined thread
[1.693s] INFO:colcon.colcon_core.shell:Creating prefix script '/home/malicancas/my_bot/install/local_setup.ps1'
[1.696s] INFO:colcon.colcon_core.shell:Creating prefix util module '/home/malicancas/my_bot/install/_local_setup_util_ps1.py'
[1.700s] INFO:colcon.colcon_core.shell:Creating prefix chain script '/home/malicancas/my_bot/install/setup.ps1'
[1.702s] INFO:colcon.colcon_core.shell:Creating prefix script '/home/malicancas/my_bot/install/local_setup.sh'
[1.704s] INFO:colcon.colcon_core.shell:Creating prefix util module '/home/malicancas/my_bot/install/_local_setup_util_sh.py'
[1.705s] INFO:colcon.colcon_core.shell:Creating prefix chain script '/home/malicancas/my_bot/install/setup.sh'
[1.708s] INFO:colcon.colcon_core.shell:Creating prefix script '/home/malicancas/my_bot/install/local_setup.bash'
[1.710s] INFO:colcon.colcon_core.shell:Creating prefix chain script '/home/malicancas/my_bot/install/setup.bash'
[1.712s] INFO:colcon.colcon_core.shell:Creating prefix script '/home/malicancas/my_bot/install/local_setup.zsh'
[1.714s] INFO:colcon.colcon_core.shell:Creating prefix chain script '/home/malicancas/my_bot/install/setup.zsh'
